  Utilities.cpp
  TheMain.cpp
d:\fanshawe\code\myprojects\gefp_project2\gefp_project2\themain.cpp(236): warning C4305: '=': truncation from 'double' to 'float'
d:\fanshawe\code\myprojects\gefp_project2\gefp_project2\themain.cpp(237): warning C4305: '=': truncation from 'double' to 'float'
d:\fanshawe\code\myprojects\gefp_project2\gefp_project2\themain.cpp(238): warning C4305: '=': truncation from 'double' to 'float'
d:\fanshawe\code\myprojects\gefp_project2\gefp_project2\themain.cpp(239): warning C4305: '=': truncation from 'double' to 'float'
d:\fanshawe\code\myprojects\gefp_project2\gefp_project2\themain.cpp(468): warning C4244: 'initializing': conversion from 'std::chrono::system_clock::rep' to 'unsigned int', possible loss of data
  Physics.cpp
  cVAOMeshManager.cpp
  GLFW_keyboardCallback.cpp
  cVertex_xyz_rgb.cpp
  cTriangle.cpp
  cShaderManager.cpp
  cShader.cpp
d:\fanshawe\code\myprojects\gefp_project2\gefp_project2\cshader.cpp(42): warning C4996: 'strcpy': This function or variable may be unsafe. Consider using strcpy_s instead. To disable deprecation, use _CRT_SECURE_NO_WARNINGS. See online help for details.
  c:\program files (x86)\windows kits\10\include\10.0.16299.0\ucrt\string.h(136): note: see declaration of 'strcpy'
d:\fanshawe\code\myprojects\gefp_project2\gefp_project2\cshader.cpp(45): warning C4996: 'strtok': This function or variable may be unsafe. Consider using strtok_s instead. To disable deprecation, use _CRT_SECURE_NO_WARNINGS. See online help for details.
  c:\program files (x86)\windows kits\10\include\10.0.16299.0\ucrt\string.h(439): note: see declaration of 'strtok'
d:\fanshawe\code\myprojects\gefp_project2\gefp_project2\cshader.cpp(52): warning C4996: 'strtok': This function or variable may be unsafe. Consider using strtok_s instead. To disable deprecation, use _CRT_SECURE_NO_WARNINGS. See online help for details.
  c:\program files (x86)\windows kits\10\include\10.0.16299.0\ucrt\string.h(439): note: see declaration of 'strtok'
  cComMoveTo.cpp
d:\fanshawe\code\myprojects\gefp_project2\gefp_project2\ccommoveto.cpp(59): warning C4244: 'initializing': conversion from 'double' to 'float', possible loss of data
d:\fanshawe\code\myprojects\gefp_project2\gefp_project2\ccommoveto.cpp(60): warning C4244: 'initializing': conversion from 'double' to 'float', possible loss of data
  cMesh.cpp
  cLuaBrain.cpp
d:\fanshawe\code\myprojects\gefp_project2\gefp_project2\cluabrain.cpp(31): warning C4244: 'initializing': conversion from 'lua_Number' to 'int', possible loss of data
  cLightManager.cpp
  cGameObject.cpp
  cDebugRenderer.cpp
  cComTrigger.cpp
  cComRotate.cpp
d:\fanshawe\code\myprojects\gefp_project2\gefp_project2\ccomrotate.cpp(51): warning C4244: 'initializing': conversion from 'double' to 'float', possible loss of data
d:\fanshawe\code\myprojects\gefp_project2\gefp_project2\ccomrotate.cpp(52): warning C4244: 'initializing': conversion from 'double' to 'float', possible loss of data
d:\fanshawe\code\myprojects\gefp_project2\gefp_project2\ccomrotate.cpp(53): warning C4244: 'initializing': conversion from 'double' to 'float', possible loss of data
  cComOrientTo.cpp
d:\fanshawe\code\myprojects\gefp_project2\gefp_project2\ccomorientto.cpp(104): warning C4244: 'initializing': conversion from 'double' to 'float', possible loss of data
  cCommandScheduler.cpp
  cCommandHandler.cpp
d:\fanshawe\code\myprojects\gefp_project2\gefp_project2\ccommandhandler.cpp(49): warning C4244: 'initializing': conversion from 'lua_Number' to 'int', possible loss of data
d:\fanshawe\code\myprojects\gefp_project2\gefp_project2\ccommandhandler.cpp(50): warning C4244: 'initializing': conversion from 'lua_Number' to 'float', possible loss of data
d:\fanshawe\code\myprojects\gefp_project2\gefp_project2\ccommandhandler.cpp(51): warning C4244: 'initializing': conversion from 'lua_Number' to 'float', possible loss of data
d:\fanshawe\code\myprojects\gefp_project2\gefp_project2\ccommandhandler.cpp(52): warning C4244: 'initializing': conversion from 'lua_Number' to 'float', possible loss of data
d:\fanshawe\code\myprojects\gefp_project2\gefp_project2\ccommandhandler.cpp(53): warning C4244: 'initializing': conversion from 'lua_Number' to 'float', possible loss of data
d:\fanshawe\code\myprojects\gefp_project2\gefp_project2\ccommandhandler.cpp(54): warning C4244: 'initializing': conversion from 'lua_Number' to 'float', possible loss of data
d:\fanshawe\code\myprojects\gefp_project2\gefp_project2\ccommandhandler.cpp(55): warning C4244: 'initializing': conversion from 'lua_Number' to 'float', possible loss of data
d:\fanshawe\code\myprojects\gefp_project2\gefp_project2\ccommandhandler.cpp(56): warning C4244: 'initializing': conversion from 'lua_Number' to 'float', possible loss of data
d:\fanshawe\code\myprojects\gefp_project2\gefp_project2\ccommandhandler.cpp(57): warning C4244: 'initializing': conversion from 'lua_Number' to 'int', possible loss of data
  Generating Code...
d:\fanshawe\code\myprojects\gefp_project2\gefp_project2\cvaomeshmanager.cpp(195): warning C4715: 'cVAOMeshManager::lookupVAOFromName': not all control paths return a value
d:\fanshawe\code\myprojects\gefp_project2\gefp_project2\themain.cpp(422): warning C4715: 'loadScriptFile': not all control paths return a value
  Compiling...
  cCommandGroup.cpp
  cComFollowObject.cpp
  cComFollowCurve.cpp
d:\fanshawe\code\myprojects\gefp_project2\gefp_project2\ccomfollowcurve.cpp(130): warning C4244: 'initializing': conversion from 'double' to 'float', possible loss of data
d:\fanshawe\code\myprojects\gefp_project2\gefp_project2\ccomfollowcurve.cpp(131): warning C4244: 'initializing': conversion from 'double' to 'float', possible loss of data
d:\fanshawe\code\myprojects\gefp_project2\gefp_project2\ccomfollowcurve.cpp(134): warning C4244: '=': conversion from 'double' to 'float', possible loss of data
  cCameraObject.cpp
  Generating Code...
  ModelUtilities.cpp
d:\fanshawe\code\myprojects\gefp_project2\gefp_project2\modelutilities.cpp(53): warning C4101: 'intensity': unreferenced local variable
d:\fanshawe\code\myprojects\gefp_project2\gefp_project2\modelutilities.cpp(53): warning C4101: 'confidence': unreferenced local variable
  glad.c
     Creating library D:\Fanshawe\Code\MyProjects\GEFP_Project2\Debug\Project2.lib and object D:\Fanshawe\Code\MyProjects\GEFP_Project2\Debug\Project2.exp
LINK : warning LNK4098: defaultlib 'MSVCRT' conflicts with use of other libs; use /NODEFAULTLIB:library
glfw3.lib(context.obj) : warning LNK4099: PDB 'glfw.pdb' was not found with 'glfw3.lib(context.obj)' or at 'D:\Fanshawe\Code\MyProjects\GEFP_Project2\Debug\glfw.pdb'; linking object as if no debug info
glfw3.lib(init.obj) : warning LNK4099: PDB 'glfw.pdb' was not found with 'glfw3.lib(init.obj)' or at 'D:\Fanshawe\Code\MyProjects\GEFP_Project2\Debug\glfw.pdb'; linking object as if no debug info
glfw3.lib(input.obj) : warning LNK4099: PDB 'glfw.pdb' was not found with 'glfw3.lib(input.obj)' or at 'D:\Fanshawe\Code\MyProjects\GEFP_Project2\Debug\glfw.pdb'; linking object as if no debug info
glfw3.lib(monitor.obj) : warning LNK4099: PDB 'glfw.pdb' was not found with 'glfw3.lib(monitor.obj)' or at 'D:\Fanshawe\Code\MyProjects\GEFP_Project2\Debug\glfw.pdb'; linking object as if no debug info
glfw3.lib(vulkan.obj) : warning LNK4099: PDB 'glfw.pdb' was not found with 'glfw3.lib(vulkan.obj)' or at 'D:\Fanshawe\Code\MyProjects\GEFP_Project2\Debug\glfw.pdb'; linking object as if no debug info
glfw3.lib(window.obj) : warning LNK4099: PDB 'glfw.pdb' was not found with 'glfw3.lib(window.obj)' or at 'D:\Fanshawe\Code\MyProjects\GEFP_Project2\Debug\glfw.pdb'; linking object as if no debug info
glfw3.lib(win32_init.obj) : warning LNK4099: PDB 'glfw.pdb' was not found with 'glfw3.lib(win32_init.obj)' or at 'D:\Fanshawe\Code\MyProjects\GEFP_Project2\Debug\glfw.pdb'; linking object as if no debug info
glfw3.lib(win32_joystick.obj) : warning LNK4099: PDB 'glfw.pdb' was not found with 'glfw3.lib(win32_joystick.obj)' or at 'D:\Fanshawe\Code\MyProjects\GEFP_Project2\Debug\glfw.pdb'; linking object as if no debug info
glfw3.lib(win32_monitor.obj) : warning LNK4099: PDB 'glfw.pdb' was not found with 'glfw3.lib(win32_monitor.obj)' or at 'D:\Fanshawe\Code\MyProjects\GEFP_Project2\Debug\glfw.pdb'; linking object as if no debug info
glfw3.lib(win32_time.obj) : warning LNK4099: PDB 'glfw.pdb' was not found with 'glfw3.lib(win32_time.obj)' or at 'D:\Fanshawe\Code\MyProjects\GEFP_Project2\Debug\glfw.pdb'; linking object as if no debug info
glfw3.lib(win32_tls.obj) : warning LNK4099: PDB 'glfw.pdb' was not found with 'glfw3.lib(win32_tls.obj)' or at 'D:\Fanshawe\Code\MyProjects\GEFP_Project2\Debug\glfw.pdb'; linking object as if no debug info
glfw3.lib(win32_window.obj) : warning LNK4099: PDB 'glfw.pdb' was not found with 'glfw3.lib(win32_window.obj)' or at 'D:\Fanshawe\Code\MyProjects\GEFP_Project2\Debug\glfw.pdb'; linking object as if no debug info
glfw3.lib(wgl_context.obj) : warning LNK4099: PDB 'glfw.pdb' was not found with 'glfw3.lib(wgl_context.obj)' or at 'D:\Fanshawe\Code\MyProjects\GEFP_Project2\Debug\glfw.pdb'; linking object as if no debug info
glfw3.lib(egl_context.obj) : warning LNK4099: PDB 'glfw.pdb' was not found with 'glfw3.lib(egl_context.obj)' or at 'D:\Fanshawe\Code\MyProjects\GEFP_Project2\Debug\glfw.pdb'; linking object as if no debug info
  GEFP_Project2.vcxproj -> D:\Fanshawe\Code\MyProjects\GEFP_Project2\Debug\Project2.exe
