d:\fanshawe\code\myprojects\gefp_project2\gefp_project2\debug\vc141.pdb
d:\fanshawe\code\myprojects\gefp_project2\gefp_project2\debug\vc141.idb
d:\fanshawe\code\myprojects\gefp_project2\gefp_project2\debug\ccomfollowcurve.obj
d:\fanshawe\code\myprojects\gefp_project2\gefp_project2\debug\ccomfollowobject.obj
d:\fanshawe\code\myprojects\gefp_project2\gefp_project2\debug\ccomorientto.obj
d:\fanshawe\code\myprojects\gefp_project2\gefp_project2\debug\ccomrotateto.obj
d:\fanshawe\code\myprojects\gefp_project2\gefp_project2\debug\ccomtrigger.obj
d:\fanshawe\code\myprojects\gefp_project2\gefp_project2\debug\cdebugrenderer.obj
d:\fanshawe\code\myprojects\gefp_project2\gefp_project2\debug\cgameobject.obj
d:\fanshawe\code\myprojects\gefp_project2\gefp_project2\debug\clightmanager.obj
d:\fanshawe\code\myprojects\gefp_project2\gefp_project2\debug\cmesh.obj
d:\fanshawe\code\myprojects\gefp_project2\gefp_project2\debug\ccommoveto.obj
d:\fanshawe\code\myprojects\gefp_project2\gefp_project2\debug\cshader.obj
d:\fanshawe\code\myprojects\gefp_project2\gefp_project2\debug\cshadermanager.obj
d:\fanshawe\code\myprojects\gefp_project2\gefp_project2\debug\ctriangle.obj
d:\fanshawe\code\myprojects\gefp_project2\gefp_project2\debug\cvertex_xyz_rgb.obj
d:\fanshawe\code\myprojects\gefp_project2\gefp_project2\debug\cvaomeshmanager.obj
d:\fanshawe\code\myprojects\gefp_project2\gefp_project2\debug\physics.obj
d:\fanshawe\code\myprojects\gefp_project2\gefp_project2\debug\themain.obj
d:\fanshawe\code\myprojects\gefp_project2\gefp_project2\debug\utilities.obj
d:\fanshawe\code\myprojects\gefp_project2\gefp_project2\debug\cluabrain.obj
d:\fanshawe\code\myprojects\gefp_project2\gefp_project2\debug\modelutilities.obj
d:\fanshawe\code\myprojects\gefp_project2\gefp_project2\debug\glad.obj
d:\fanshawe\code\myprojects\gefp_project2\gefp_project2\debug\ccommandgroup.obj
d:\fanshawe\code\myprojects\gefp_project2\gefp_project2\debug\ccommandscheduler.obj
d:\fanshawe\code\myprojects\gefp_project2\gefp_project2\debug\ccommandhandler.obj
d:\fanshawe\code\myprojects\gefp_project2\debug\project2.lib
d:\fanshawe\code\myprojects\gefp_project2\debug\project2.exp
d:\fanshawe\code\myprojects\gefp_project2\gefp_project2\debug\themain.obj.enc
d:\fanshawe\code\myprojects\gefp_project2\debug\project2.pdb
d:\fanshawe\code\myprojects\gefp_project2\gefp_project2\debug\project2.tlog\cl.write.1.tlog
d:\fanshawe\code\myprojects\gefp_project2\gefp_project2\debug\project2.tlog\cl.command.1.tlog
d:\fanshawe\code\myprojects\gefp_project2\gefp_project2\debug\project2.tlog\link.read.1.tlog
d:\fanshawe\code\myprojects\gefp_project2\gefp_project2\debug\project2.tlog\link.write.1.tlog
d:\fanshawe\code\myprojects\gefp_project2\gefp_project2\debug\project2.tlog\link.command.1.tlog
d:\fanshawe\code\myprojects\gefp_project2\gefp_project2\debug\project2.tlog\project2.write.1u.tlog
d:\fanshawe\code\myprojects\gefp_project2\gefp_project2\debug\project2.tlog\cl.read.1.tlog
d:\fanshawe\code\myprojects\gefp_project2\gefp_project2\debug\project2.tlog\link.5888-rc.read.1.tlog
d:\fanshawe\code\myprojects\gefp_project2\gefp_project2\debug\project2.tlog\link.5888-rc.write.1.tlog
d:\fanshawe\code\myprojects\gefp_project2\gefp_project2\debug\project2.tlog\link.5888-cvtres.read.1.tlog
d:\fanshawe\code\myprojects\gefp_project2\gefp_project2\debug\project2.tlog\link.5888-cvtres.write.1.tlog
d:\fanshawe\code\myprojects\gefp_project2\gefp_project2\debug\project2.tlog\link.5888.read.1.tlog
d:\fanshawe\code\myprojects\gefp_project2\gefp_project2\debug\project2.tlog\link.5888.write.1.tlog
d:\fanshawe\code\myprojects\gefp_project2\gefp_project2\debug\project2.tlog\link-rc.read.1.tlog
d:\fanshawe\code\myprojects\gefp_project2\gefp_project2\debug\project2.tlog\link-rc.write.1.tlog
d:\fanshawe\code\myprojects\gefp_project2\gefp_project2\debug\project2.tlog\link-cvtres.read.1.tlog
d:\fanshawe\code\myprojects\gefp_project2\gefp_project2\debug\project2.tlog\link-cvtres.write.1.tlog
