  cComFollowCurve.cpp
cComFollowCurve.cpp(123): warning C4244: 'initializing': conversion from 'double' to 'float', possible loss of data
cComFollowCurve.cpp(124): warning C4244: 'initializing': conversion from 'double' to 'float', possible loss of data
cComFollowCurve.cpp(127): warning C4244: '=': conversion from 'double' to 'float', possible loss of data
  cComFollowObject.cpp
  cCommandGroup.cpp
  cCommandHandler.cpp
cCommandHandler.cpp(46): warning C4244: 'initializing': conversion from 'lua_Number' to 'int', possible loss of data
cCommandHandler.cpp(47): warning C4244: 'initializing': conversion from 'lua_Number' to 'float', possible loss of data
cCommandHandler.cpp(48): warning C4244: 'initializing': conversion from 'lua_Number' to 'float', possible loss of data
cCommandHandler.cpp(49): warning C4244: 'initializing': conversion from 'lua_Number' to 'float', possible loss of data
cCommandHandler.cpp(50): warning C4244: 'initializing': conversion from 'lua_Number' to 'float', possible loss of data
cCommandHandler.cpp(51): warning C4244: 'initializing': conversion from 'lua_Number' to 'float', possible loss of data
cCommandHandler.cpp(52): warning C4244: 'initializing': conversion from 'lua_Number' to 'float', possible loss of data
cCommandHandler.cpp(53): warning C4244: 'initializing': conversion from 'lua_Number' to 'float', possible loss of data
cCommandHandler.cpp(54): warning C4244: 'initializing': conversion from 'lua_Number' to 'int', possible loss of data
  cCommandScheduler.cpp
  cComOrientTo.cpp
  cComRotate.cpp
cComRotate.cpp(42): warning C4244: 'initializing': conversion from 'double' to 'float', possible loss of data
cComRotate.cpp(43): warning C4244: 'initializing': conversion from 'double' to 'float', possible loss of data
cComRotate.cpp(44): warning C4244: 'initializing': conversion from 'double' to 'float', possible loss of data
  cComTrigger.cpp
  cDebugRenderer.cpp
  cGameObject.cpp
  cLightManager.cpp
  cLuaBrain.cpp
  cMesh.cpp
  cComMoveTo.cpp
cComMoveTo.cpp(52): warning C4244: 'initializing': conversion from 'double' to 'float', possible loss of data
cComMoveTo.cpp(53): warning C4244: 'initializing': conversion from 'double' to 'float', possible loss of data
  cShader.cpp
cShader.cpp(42): warning C4996: 'strcpy': This function or variable may be unsafe. Consider using strcpy_s instead. To disable deprecation, use _CRT_SECURE_NO_WARNINGS. See online help for details.
  C:\Program Files (x86)\Windows Kits\10\Include\10.0.16299.0\ucrt\string.h(136): note: see declaration of 'strcpy'
cShader.cpp(45): warning C4996: 'strtok': This function or variable may be unsafe. Consider using strtok_s instead. To disable deprecation, use _CRT_SECURE_NO_WARNINGS. See online help for details.
  C:\Program Files (x86)\Windows Kits\10\Include\10.0.16299.0\ucrt\string.h(439): note: see declaration of 'strtok'
cShader.cpp(52): warning C4996: 'strtok': This function or variable may be unsafe. Consider using strtok_s instead. To disable deprecation, use _CRT_SECURE_NO_WARNINGS. See online help for details.
  C:\Program Files (x86)\Windows Kits\10\Include\10.0.16299.0\ucrt\string.h(439): note: see declaration of 'strtok'
  cShaderManager.cpp
  cTriangle.cpp
  cVertex_xyz_rgb.cpp
  ModelUtilities.cpp
ModelUtilities.cpp(53): warning C4101: 'intensity': unreferenced local variable
ModelUtilities.cpp(53): warning C4101: 'confidence': unreferenced local variable
  cVAOMeshManager.cpp
  Compiling...
  Physics.cpp
  TheMain.cpp
TheMain.cpp(190): warning C4018: '>=': signed/unsigned mismatch
TheMain.cpp(267): warning C4018: '>=': signed/unsigned mismatch
TheMain.cpp(455): warning C4305: '=': truncation from 'double' to 'float'
TheMain.cpp(456): warning C4305: '=': truncation from 'double' to 'float'
TheMain.cpp(457): warning C4305: '=': truncation from 'double' to 'float'
TheMain.cpp(458): warning C4305: '=': truncation from 'double' to 'float'
TheMain.cpp(506): warning C4101: 'mvp': unreferenced local variable
TheMain.cpp(666): warning C4244: 'initializing': conversion from 'std::chrono::system_clock::rep' to 'unsigned int', possible loss of data
  Utilities.cpp
  glad.c
     Creating library D:\Fanshawe\Code\MyProjects\GEFP_Project2\Release\Project2.lib and object D:\Fanshawe\Code\MyProjects\GEFP_Project2\Release\Project2.exp
  Generating code
d:\fanshawe\code\myprojects\gefp_project2\gefp_project2\cvaomeshmanager.cpp(195): warning C4715: 'cVAOMeshManager::lookupVAOFromName': not all control paths return a value
d:\fanshawe\code\myprojects\gefp_project2\gefp_project2\themain.cpp(620): warning C4715: 'loadScriptFile': not all control paths return a value
  All 1692 functions were compiled because no usable IPDB/IOBJ from previous compilation was found.
  Finished generating code
  GEFP_Project2.vcxproj -> D:\Fanshawe\Code\MyProjects\GEFP_Project2\Release\Project2.exe
